<?xml version="1.0" encoding="UTF-8"?>
<!-- Generated by org.testng.reporters.JUnitReportReporter -->
<testsuite hostname="DESKTOP-5EVK54D" failures="0" tests="2" name="testclasses.RegisterTest" time="3.248" errors="0" timestamp="2024-01-16T09:14:45 IST" skipped="0">
  <testcase classname="testclasses.RegisterTest" name="registerUser" time="2.955"/>
  <system-out/>
  <testcase classname="testclasses.RegisterTest" name="navToLoginPage" time="0.293"/>
  <system-out/>
</testsuite> <!-- testclasses.RegisterTest -->
