<?xml version="1.0" encoding="UTF-8"?>
<!-- Generated by org.testng.reporters.JUnitReportReporter -->
<testsuite hostname="DESKTOP-5EVK54D" failures="0" tests="2" name="testclasses.LoginTest" time="0.687" errors="0" timestamp="2024-01-16T09:14:45 IST" skipped="0">
  <testcase classname="testclasses.LoginTest" name="validateTitle" time="0.047"/>
  <system-out/>
  <testcase classname="testclasses.LoginTest" name="loginToApp" time="0.640"/>
  <system-out/>
</testsuite> <!-- testclasses.LoginTest -->
